     1                                  %include "gt.asm"
     2                              <1> extern GetStdHandle, WriteFile, ReadFile, CreateFileA, CloseHandle,
     3                              <1>  ExitProcess
     4                              <1> %macro   covar 0.nolist
     5                              <1> [section .data]
     6                              <1>          times 100 dd 0
     7                              <1> mvpad:   db '.\',__FILE__
     8                              <1> mvnapad: db 0
     9                              <1> %endmacro
    10                              <1> 
    11                              <1> %macro   openin   0.nolist         
    12                              <1> extern openisr
    13                              <1>          push dword mvpad
    14                              <1>          push dword mvnapad
    15                              <1>          call openisr
    16                              <1> %endmacro
    17                              <1> 
    18                              <1> %macro   openuit  0.nolist
    19                              <1> extern openusr
    20                              <1>          push dword mvpad
    21                              <1>          push dword mvnapad
    22                              <1>          call openusr
    23                              <1> %endmacro
    24                              <1> 
    25                              <1> %macro   schrijf  0.nolist         
    26                              <1> extern schrsr
    27                              <1>          push dword outarea
    28                              <1>          push dword 72
    29                              <1>          call schrsr
    30                              <1> %endmacro
    31                              <1> 
    32                              <1> %macro   uit 1.nolist
    33                              <1> extern uitsr
    34                              <1>          push esi
    35                              <1>          lea esi, %1
    36                              <1>          push  esi
    37                              <1>          call uitsr
    38                              <1>          pop esi
    39                              <1> %endmacro
    40                              <1> 
    41                              <1> %macro  inv 1.nolist       
    42                              <1> ;deze macro leest een getal in van het scherm; 
    43                              <1> ;het getal staat daarna in binaire vorm in %1
    44                              <1> extern invsr
    45                              <1>          push esi
    46                              <1>          lea esi,%1
    47                              <1>          push  esi
    48                              <1>          call invsr
    49                              <1>          pop esi
    50                              <1> %endmacro         
    51                              <1> 
    52                              <1> %macro  lees 0.nolist
    53                              <1> extern leessr
    54                              <1>         push dword inarea
    55                              <1>         call leessr
    56                              <1> %endmacro         
    57                              <1> 
    58                              <1> %macro  inleiding 0.nolist
    59                              <1> [section .code]
    60                              <1> 
    61                              <1> start:
    62                              <1> %endmacro
    63                              <1> 
    64                              <1> %macro   slot 0.nolist
    65                              <1> extern sluitsr
    66                              <1>          call sluitsr
    67                              <1> %endmacro
    68                              <1> 
    69                              <1> %macro   tekstbin 0.nolist
    70                              <1> ;De externe inhoud vanaf adres in ESI wordt omgerekend naar binair. 
    71                              <1> ;Het aantal bytes moet in ECX staan.
    72                              <1> ;Het resultaat komt in EAX.
    73                              <1> 
    74                              <1> extern tkstbsr
    75                              <1>          call tkstbsr
    76                              <1> %endmacro         
    77                              <1> 
    78 00000000 00000000<rept>2E5C-     covar
    79 00000192 7662317037302E6173-
    80 0000019B 6D00               
    81 0000019D <res 00000004>          getal: resd 1
    82          ******************       warning: uninitialised space declared in non-BSS section `.data': zeroing
    83 000001A1 <res 00000004>          gem:	resd 1
    84          ******************       warning: uninitialised space declared in non-BSS section `.data': zeroing
    85 000001A5 01000000                een:	dd 1
    86 000001A9 0A000000                tien:	dd 10
    87                                  inleiding
    88 00000000 29C0                    	sub EAX,EAX ; in EAX komt de som
    89 00000002 8B0D[A9010000]          	mov ECX,[tien] , ;in ECX de teller
    90 00000008 568D35[9D010000]56-     hoger:	inv[getal]
    91 00000010 E8(00000000)5E     
    92 00000016 0305[9D010000]          		add eax,[getal]
    93 0000001C 81E901000000            		sub ecx,1
    94 00000022 75E4                    		jnz hoger
    95                                  		
    96 00000024 F72D[A5010000]          		imul dword [een]
    97 0000002A F73D[A9010000]          		idiv dword [tien]
    98 00000030 A3[A1010000]            		mov [gem],eax
    99 00000035 568D35[A1010000]56-     		uit[gem]
   100 0000003D E8(00000000)5E     
   101                                  		
   102 00000043 E8(00000000)            slot
